
                            < M A T L A B (R) >
                  Copyright 1984-2014 The MathWorks, Inc.
                    R2014a (8.3.0.532) 64-bit (glnxa64)
                             February 11, 2014

 
To get started, type one of these: helpwin, helpdesk, or demo.
For product information, visit www.mathworks.com.
 
>>             debug: 0
       dataFolder: '../data/'
            split: 2
       numFilters: 128
           numRNN: 64
            depth: 0
    extraFeatures: 1
     isPretrained: 1

Forward propagating RGB data
Pretraining CNN Filters...
Now have 47/400000 patches
Now have 10038/400000 patches
Now have 20035/400000 patches
Now have 30051/400000 patches
Now have 40047/400000 patches
Now have 50045/400000 patches
Now have 60027/400000 patches
Now have 70001/400000 patches
Now have 80035/400000 patches
Now have 90011/400000 patches
Now have 100065/400000 patches
Now have 110042/400000 patches
Now have 120034/400000 patches
Now have 130053/400000 patches
Now have 140004/400000 patches
Now have 150029/400000 patches
Now have 160045/400000 patches
Now have 170024/400000 patches
Now have 180036/400000 patches
Now have 190043/400000 patches
Now have 200031/400000 patches
Now have 210032/400000 patches
Now have 220062/400000 patches
Now have 230027/400000 patches
Now have 240027/400000 patches
Now have 250009/400000 patches
Now have 260032/400000 patches
Now have 270036/400000 patches
Now have 280002/400000 patches
Now have 290006/400000 patches
Now have 300054/400000 patches
Now have 310046/400000 patches
Now have 320049/400000 patches
Now have 330018/400000 patches
Now have 340070/400000 patches
Now have 350023/400000 patches
Now have 360034/400000 patches
Now have 370046/400000 patches
Now have 380001/400000 patches
Now have 390030/400000 patches
K-means iteration 10 / 100
K-means iteration 20 / 100
K-means iteration 30 / 100
K-means iteration 40 / 100
K-means iteration 50 / 100
K-means iteration 60 / 100
K-means iteration 70 / 100
K-means iteration 80 / 100
K-means iteration 90 / 100
K-means iteration 100 / 100
Forward prop through CNN...
---Category: 10 out of 53---
---Category: 20 out of 53---
---Category: 30 out of 53---
---Category: 40 out of 53---
---Category: 50 out of 53---
Forward prop through RNN...
Forward Prop Train...
RNN: 8
RNN: 16
RNN: 24
RNN: 32
RNN: 40
RNN: 48
RNN: 56
RNN: 64
Forward Prop Test...
RNN: 8
RNN: 16
RNN: 24
RNN: 32
RNN: 40
RNN: 48
RNN: 56
RNN: 64
Training softmax...
 Iteration   FunEvals     Step Length    Function Val        Opt Cond
         1          4     4.87751e-02     2.92442e+00     1.50007e+03
         2          5     1.00000e+00     1.84347e+00     1.24070e+03
         3          6     1.00000e+00     1.36514e+00     1.28391e+03
         4          7     1.00000e+00     9.50585e-01     8.90578e+02
         5          8     1.00000e+00     6.96727e-01     5.76249e+02
         6          9     1.00000e+00     5.54399e-01     4.47586e+02
         7         10     1.00000e+00     3.41628e-01     2.80829e+02
         8         11     1.00000e+00     2.38386e-01     2.69673e+02
         9         12     1.00000e+00     1.65807e-01     1.59951e+02
        10         13     1.00000e+00     1.30361e-01     1.21200e+02
        11         14     1.00000e+00     8.21509e-02     6.84828e+01
        12         15     1.00000e+00     5.17108e-02     5.77954e+01
        13         16     1.00000e+00     3.31596e-02     6.01889e+01
        14         17     1.00000e+00     1.79824e-02     2.51219e+01
        15         18     1.00000e+00     1.42612e-02     1.99510e+01
        16         19     1.00000e+00     8.07373e-03     1.07113e+01
        17         20     1.00000e+00     4.90077e-03     7.00273e+00
        18         21     1.00000e+00     2.59615e-03     4.58942e+00
        19         22     1.00000e+00     1.31231e-03     1.67828e+00
        20         23     1.00000e+00     9.31018e-04     1.27268e+00
        21         24     1.00000e+00     1.52660e-04     5.63342e-01
        22         25     1.00000e+00     6.78186e-05     1.80256e-01
        23         26     1.00000e+00     5.34867e-05     1.25601e-01
        24         27     1.00000e+00     3.55322e-05     7.76017e-02
        25         28     1.00000e+00     1.86276e-05     4.00272e-02
        26         29     1.00000e+00     1.05133e-05     1.90747e-02
        27         30     1.00000e+00     6.75223e-06     9.48614e-03
        28         31     1.00000e+00     4.92308e-06     5.11058e-03
        29         32     1.00000e+00     4.08397e-06     2.54973e-03
        30         33     1.00000e+00     3.75640e-06     1.48939e-03
        31         34     1.00000e+00     3.61290e-06     9.23632e-04
        32         35     1.00000e+00     3.48928e-06     5.77147e-04
        33         36     1.00000e+00     3.30506e-06     3.76681e-04
        34         37     1.00000e+00     3.01051e-06     8.58213e-04
        35         38     1.00000e+00     2.82903e-06     1.19105e-03
        36         39     1.00000e+00     2.67216e-06     5.98536e-04
        37         40     1.00000e+00     2.57804e-06     7.81696e-04
        38         41     1.00000e+00     2.42817e-06     7.45327e-04
        39         42     1.00000e+00     2.31157e-06     5.51405e-04
        40         43     1.00000e+00     2.21272e-06     5.24188e-04
        41         44     1.00000e+00     2.09730e-06     5.15238e-04
        42         45     1.00000e+00     2.00720e-06     4.47731e-04
        43         46     1.00000e+00     1.95787e-06     3.21930e-04
        44         47     1.00000e+00     1.90983e-06     4.37389e-04
        45         48     1.00000e+00     1.84787e-06     3.50145e-04
        46         49     1.00000e+00     1.79198e-06     3.49103e-04
        47         50     1.00000e+00     1.74255e-06     3.12817e-04
        48         51     1.00000e+00     1.68929e-06     3.23228e-04
        49         52     1.00000e+00     1.64949e-06     3.06203e-04
        50         53     1.00000e+00     1.61153e-06     2.63128e-04
        51         54     1.00000e+00     1.57074e-06     2.64339e-04
        52         55     1.00000e+00     1.53424e-06     2.56497e-04
        53         56     1.00000e+00     1.50609e-06     2.48066e-04
        54         57     1.00000e+00     1.47355e-06     2.30954e-04
        55         58     1.00000e+00     1.44973e-06     2.14009e-04
        56         59     1.00000e+00     1.42968e-06     1.95653e-04
        57         60     1.00000e+00     1.40911e-06     2.29837e-04
        58         61     1.00000e+00     1.39511e-06     1.86058e-04
        59         62     1.00000e+00     1.38325e-06     2.05758e-04
        60         63     1.00000e+00     1.36464e-06     2.11147e-04
        61         64     1.00000e+00     1.35160e-06     1.75177e-04
        62         65     1.00000e+00     1.33788e-06     1.59011e-04
        63         66     1.00000e+00     1.32714e-06     1.52264e-04
        64         67     1.00000e+00     1.31337e-06     1.60043e-04
        65         68     1.00000e+00     1.30331e-06     1.35723e-04
        66         69     1.00000e+00     1.29464e-06     1.39462e-04
        67         70     1.00000e+00     1.28485e-06     1.38883e-04
        68         71     1.00000e+00     1.27582e-06     1.53645e-04
        69         72     1.00000e+00     1.26752e-06     1.36530e-04
        70         73     1.00000e+00     1.25984e-06     1.24460e-04
        71         74     1.00000e+00     1.25266e-06     1.26973e-04
        72         75     1.00000e+00     1.24631e-06     1.29602e-04
        73         76     1.00000e+00     1.24004e-06     1.12573e-04
        74         77     1.00000e+00     1.23416e-06     1.16640e-04
        75         78     1.00000e+00     1.23022e-06     1.14079e-04
        76         79     1.00000e+00     1.22485e-06     1.13061e-04
        77         80     1.00000e+00     1.22034e-06     1.06240e-04
        78         81     1.00000e+00     1.21663e-06     9.72822e-05
        79         82     1.00000e+00     1.21232e-06     1.00898e-04
        80         83     1.00000e+00     1.20813e-06     9.93282e-05
        81         84     1.00000e+00     1.20496e-06     9.03537e-05
        82         85     1.00000e+00     1.20169e-06     9.02395e-05
        83         86     1.00000e+00     1.19837e-06     9.53611e-05
        84         87     1.00000e+00     1.19555e-06     8.59896e-05
        85         88     1.00000e+00     1.19367e-06     8.18632e-05
        86         89     1.00000e+00     1.19113e-06     8.01705e-05
        87         90     1.00000e+00     1.18904e-06     8.19910e-05
        88         91     1.00000e+00     1.18707e-06     7.44541e-05
        89         92     1.00000e+00     1.18514e-06     7.28419e-05
        90         93     1.00000e+00     1.18368e-06     7.24478e-05
        91         94     1.00000e+00     1.18181e-06     7.34665e-05
        92         95     1.00000e+00     1.18009e-06     6.94644e-05
        93         96     1.00000e+00     1.17870e-06     6.76061e-05
        94         97     1.00000e+00     1.17743e-06     6.72286e-05
        95         98     1.00000e+00     1.17615e-06     6.50155e-05
        96         99     1.00000e+00     1.17462e-06     6.11481e-05
        97        100     1.00000e+00     1.17315e-06     6.07023e-05
        98        101     1.00000e+00     1.17187e-06     5.43425e-05
        99        102     1.00000e+00     1.17088e-06     5.23603e-05
Function Value changing by less than TolX
percent correct: 76.4938
Forward propagating depth data
Pretraining CNN Filters...
Now have 43/400000 patches
Now have 10009/400000 patches
Now have 20043/400000 patches
Now have 30029/400000 patches
Now have 40040/400000 patches
Now have 50050/400000 patches
Now have 60003/400000 patches
Now have 70023/400000 patches
Now have 80035/400000 patches
Now have 90004/400000 patches
Now have 100022/400000 patches
Now have 110035/400000 patches
Now have 120048/400000 patches
Now have 130056/400000 patches
Now have 140028/400000 patches
Now have 150073/400000 patches
Now have 160026/400000 patches
Now have 170060/400000 patches
Now have 180017/400000 patches
Now have 190005/400000 patches
Now have 200067/400000 patches
Now have 210055/400000 patches
Now have 220015/400000 patches
Now have 230037/400000 patches
Now have 240015/400000 patches
Now have 250072/400000 patches
Now have 260049/400000 patches
Now have 270042/400000 patches
Now have 280029/400000 patches
Now have 290044/400000 patches
Now have 300004/400000 patches
Now have 310047/400000 patches
Now have 320073/400000 patches
Now have 330030/400000 patches
Now have 340055/400000 patches
Now have 350063/400000 patches
Now have 360009/400000 patches
Now have 370051/400000 patches
Now have 380062/400000 patches
Now have 390008/400000 patches
K-means iteration 10 / 100
K-means iteration 20 / 100
K-means iteration 30 / 100
K-means iteration 40 / 100
K-means iteration 50 / 100
K-means iteration 60 / 100
K-means iteration 70 / 100
K-means iteration 80 / 100
K-means iteration 90 / 100
K-means iteration 100 / 100
Forward prop through CNN...
---Category: 10 out of 53---
---Category: 20 out of 53---
---Category: 30 out of 53---
---Category: 40 out of 53---
---Category: 50 out of 53---
Forward prop through RNN...
Forward Prop Train...
RNN: 8
RNN: 16
RNN: 24
RNN: 32
RNN: 40
RNN: 48
RNN: 56
RNN: 64
Forward Prop Test...
RNN: 8
RNN: 16
RNN: 24
RNN: 32
RNN: 40
RNN: 48
RNN: 56
RNN: 64
 Iteration   FunEvals     Step Length    Function Val        Opt Cond
         1          4     1.97037e-02     3.11119e+00     4.13742e+03
         2          5     1.00000e+00     1.36529e+00     2.88748e+03
         3          6     1.00000e+00     7.84556e-01     1.87283e+03
         4          7     1.00000e+00     5.27773e-01     1.07042e+03
         5          8     1.00000e+00     3.38301e-01     6.23126e+02
         6          9     1.00000e+00     2.16223e-01     4.72726e+02
         7         10     1.00000e+00     1.17488e-01     3.43952e+02
         8         11     1.00000e+00     6.44051e-02     1.75782e+02
         9         12     1.00000e+00     3.83873e-02     1.08079e+02
        10         13     1.00000e+00     1.81514e-02     7.52001e+01
        11         14     1.00000e+00     7.31271e-03     3.33927e+01
        12         15     1.00000e+00     4.15066e-03     1.53240e+01
        13         16     1.00000e+00     2.31620e-03     7.69417e+00
        14         17     1.00000e+00     1.17690e-03     4.13216e+00
        15         18     1.00000e+00     6.85757e-04     3.85387e+00
        16         19     1.00000e+00     3.07660e-04     1.21896e+00
        17         20     1.00000e+00     2.04191e-04     7.82433e-01
        18         21     1.00000e+00     1.05570e-04     6.39115e-01
        19         22     1.00000e+00     2.90982e-05     1.15493e-01
        20         23     1.00000e+00     2.19732e-05     8.91116e-02
        21         24     1.00000e+00     9.86694e-06     4.10643e-02
        22         25     1.00000e+00     5.62050e-06     2.39659e-02
        23         26     1.00000e+00     2.46869e-06     1.02691e-02        24         27     1.00000e+00     1.63150e-06     5.75098e-03
        25         28     1.00000e+00     1.03977e-06     2.64311e-03
        26         29     1.00000e+00     8.09478e-07     1.39125e-03
        27         30     1.00000e+00     7.05679e-07     7.49192e-04
        28         31     1.00000e+00     6.64151e-07     4.43250e-04
        29         32     1.00000e+00     6.45696e-07     2.87530e-04
        30         33     1.00000e+00     6.31695e-07     2.02293e-04
        31         34     1.00000e+00     6.12817e-07     1.44035e-04
        32         35     1.00000e+00     5.83764e-07     1.92299e-04
        33         36     1.00000e+00     5.66198e-07     3.53608e-04
        34         37     1.00000e+00     5.48442e-07     1.80520e-04
        35         38     1.00000e+00     5.38457e-07     1.72137e-04
        36         39     1.00000e+00     5.13108e-07     1.56445e-04
        37         40     1.00000e+00     5.00864e-07     1.72100e-04
        38         41     1.00000e+00     4.87930e-07     1.10046e-04
        39         42     1.00000e+00     4.76052e-07     1.22139e-04
        40         43     1.00000e+00     4.62531e-07     1.32717e-04
        41         44     1.00000e+00     4.52903e-07     1.07267e-04
        42         45     1.00000e+00     4.45506e-07     9.31771e-05
        43         46     1.00000e+00     4.33051e-07     1.25982e-04
        44         47     1.00000e+00     4.29072e-07     1.76801e-04
        45         48     1.00000e+00     4.21819e-07     8.11661e-05
        46         49     1.00000e+00     4.17251e-07     7.84686e-05
        47         50     1.00000e+00     4.10000e-07     1.10291e-04
        48         51     1.00000e+00     4.03732e-07     8.55607e-05
        49         52     1.00000e+00     3.98264e-07     8.25303e-05
        50         53     1.00000e+00     3.91375e-07     8.96921e-05
        51         54     1.00000e+00     3.86117e-07     8.98611e-05
        52         55     1.00000e+00     3.82162e-07     7.33347e-05
        53         56     1.00000e+00     3.77918e-07     7.83826e-05
        54         57     1.00000e+00     3.74229e-07     7.40155e-05
        55         58     1.00000e+00     3.70831e-07     6.81316e-05
        56         59     1.00000e+00     3.67371e-07     6.98214e-05
        57         60     1.00000e+00     3.64978e-07     6.67165e-05
        58         61     1.00000e+00     3.63072e-07     6.01216e-05
        59         62     1.00000e+00     3.61176e-07     6.01859e-05
        60         63     1.00000e+00     3.59116e-07     6.03519e-05
        61         64     1.00000e+00     3.58253e-07     7.24840e-05
Function Value changing by less than TolX
percent correct: 85.1184

combineAcc =

   85.1184


rgbAcc =

   76.4938


depthAcc =

   74.4081
>> 